2016-06-14 16:43:14 - PHP Warning:  Illegal string offset 'code' in /var/www/artem/data/www/bigbuket.ru/catalog/controller/payment/cod.php on line 16
2016-06-14 16:44:32 - PHP Notice:  Undefined variable: option_value in /var/www/artem/data/www/bigbuket.ru/catalog/view/theme/tt_pisces_flowers/template/product/product.tpl on line 312
2016-06-14 16:45:15 - PHP Notice:  Undefined variable: option_value in /var/www/artem/data/www/bigbuket.ru/catalog/view/theme/tt_pisces_flowers/template/product/product.tpl on line 312
2016-06-14 16:46:28 - PHP Warning:  Illegal string offset 'code' in /var/www/artem/data/www/bigbuket.ru/catalog/controller/payment/cod.php on line 16
2016-06-14 16:52:28 - PHP Warning:  Illegal string offset 'code' in /var/www/artem/data/www/bigbuket.ru/catalog/controller/payment/cod.php on line 16
2016-06-14 16:52:32 - PHP Warning:  Illegal string offset 'code' in /var/www/artem/data/www/bigbuket.ru/catalog/controller/payment/cod.php on line 16
2016-06-14 16:52:35 - PHP Warning:  Illegal string offset 'code' in /var/www/artem/data/www/bigbuket.ru/catalog/controller/payment/cod.php on line 16
2016-06-14 16:52:36 - PHP Warning:  Illegal string offset 'code' in /var/www/artem/data/www/bigbuket.ru/catalog/controller/payment/cod.php on line 16
2016-06-14 16:52:36 - PHP Warning:  Illegal string offset 'code' in /var/www/artem/data/www/bigbuket.ru/catalog/controller/payment/cod.php on line 16
2016-06-14 16:52:37 - PHP Warning:  Illegal string offset 'code' in /var/www/artem/data/www/bigbuket.ru/catalog/controller/payment/cod.php on line 16
2016-06-14 16:52:37 - PHP Warning:  Illegal string offset 'code' in /var/www/artem/data/www/bigbuket.ru/catalog/controller/payment/cod.php on line 16
2016-06-14 16:52:39 - PHP Warning:  Illegal string offset 'code' in /var/www/artem/data/www/bigbuket.ru/catalog/controller/payment/cod.php on line 16
2016-06-14 16:52:40 - PHP Warning:  Illegal string offset 'code' in /var/www/artem/data/www/bigbuket.ru/catalog/controller/payment/cod.php on line 16
2016-06-14 16:52:41 - PHP Warning:  Illegal string offset 'code' in /var/www/artem/data/www/bigbuket.ru/catalog/controller/payment/cod.php on line 16
2016-06-14 16:52:41 - PHP Warning:  Illegal string offset 'code' in /var/www/artem/data/www/bigbuket.ru/catalog/controller/payment/cod.php on line 16
2016-06-14 16:52:42 - PHP Warning:  Illegal string offset 'code' in /var/www/artem/data/www/bigbuket.ru/catalog/controller/payment/cod.php on line 16
2016-06-14 16:52:42 - PHP Warning:  Illegal string offset 'code' in /var/www/artem/data/www/bigbuket.ru/catalog/controller/payment/cod.php on line 16
2016-06-14 16:52:42 - PHP Warning:  Illegal string offset 'code' in /var/www/artem/data/www/bigbuket.ru/catalog/controller/payment/cod.php on line 16
2016-06-14 16:52:42 - PHP Warning:  Illegal string offset 'code' in /var/www/artem/data/www/bigbuket.ru/catalog/controller/payment/cod.php on line 16
2016-06-14 16:52:45 - PHP Warning:  Illegal string offset 'code' in /var/www/artem/data/www/bigbuket.ru/catalog/controller/payment/cod.php on line 16
2016-06-14 16:52:45 - PHP Warning:  Illegal string offset 'code' in /var/www/artem/data/www/bigbuket.ru/catalog/controller/payment/cod.php on line 16
2016-06-14 16:52:46 - PHP Warning:  Illegal string offset 'code' in /var/www/artem/data/www/bigbuket.ru/catalog/controller/payment/cod.php on line 16
2016-06-14 16:52:47 - PHP Warning:  Illegal string offset 'code' in /var/www/artem/data/www/bigbuket.ru/catalog/controller/payment/cod.php on line 16
2016-06-14 16:52:47 - PHP Warning:  Illegal string offset 'code' in /var/www/artem/data/www/bigbuket.ru/catalog/controller/payment/cod.php on line 16
2016-06-14 16:52:48 - PHP Warning:  Illegal string offset 'code' in /var/www/artem/data/www/bigbuket.ru/catalog/controller/payment/cod.php on line 16
2016-06-14 16:52:49 - PHP Warning:  Illegal string offset 'code' in /var/www/artem/data/www/bigbuket.ru/catalog/controller/payment/cod.php on line 16
2016-06-14 16:52:49 - PHP Warning:  Illegal string offset 'code' in /var/www/artem/data/www/bigbuket.ru/catalog/controller/payment/cod.php on line 16
2016-06-14 16:52:49 - PHP Warning:  Illegal string offset 'code' in /var/www/artem/data/www/bigbuket.ru/catalog/controller/payment/cod.php on line 16
2016-06-14 16:52:49 - PHP Warning:  Illegal string offset 'code' in /var/www/artem/data/www/bigbuket.ru/catalog/controller/payment/cod.php on line 16
2016-06-14 16:52:49 - PHP Warning:  Illegal string offset 'code' in /var/www/artem/data/www/bigbuket.ru/catalog/controller/payment/cod.php on line 16
2016-06-14 16:52:49 - PHP Warning:  Illegal string offset 'code' in /var/www/artem/data/www/bigbuket.ru/catalog/controller/payment/cod.php on line 16
2016-06-14 16:52:49 - PHP Warning:  Illegal string offset 'code' in /var/www/artem/data/www/bigbuket.ru/catalog/controller/payment/cod.php on line 16
2016-06-14 16:52:49 - PHP Warning:  Illegal string offset 'code' in /var/www/artem/data/www/bigbuket.ru/catalog/controller/payment/cod.php on line 16
2016-06-14 16:52:49 - PHP Warning:  Illegal string offset 'code' in /var/www/artem/data/www/bigbuket.ru/catalog/controller/payment/cod.php on line 16
2016-06-14 16:56:20 - PHP Warning:  Illegal string offset 'code' in /var/www/artem/data/www/bigbuket.ru/catalog/controller/payment/cod.php on line 16
2016-06-14 17:21:15 - PHP Warning:  Illegal string offset 'code' in /var/www/artem/data/www/bigbuket.ru/catalog/controller/payment/cod.php on line 16
2016-06-17 14:34:38 - PHP Notice:  Undefined index: bank_transfer in /var/www/artem/data/www/bigbuket.ru/catalog/model/retailcrm/order.php on line 65
2016-06-17 14:35:02 - PHP Notice:  Undefined index: bank_transfer in /var/www/artem/data/www/bigbuket.ru/catalog/model/retailcrm/order.php on line 65
2016-06-17 14:37:10 - PHP Notice:  Undefined index: bank_transfer in /var/www/artem/data/www/bigbuket.ru/catalog/model/retailcrm/order.php on line 65
2016-06-17 17:41:01 - PHP Warning:  Illegal string offset 'code' in /var/www/artem/data/www/bigbuket.ru/catalog/controller/payment/cod.php on line 16
2016-06-19 17:38:11 - PHP Warning:  Illegal string offset 'code' in /var/www/artem/data/www/bigbuket.ru/catalog/controller/payment/cod.php on line 16
2016-06-21 23:48:05 - PHP Warning:  Illegal string offset 'code' in /var/www/artem/data/www/bigbuket.ru/catalog/controller/payment/cod.php on line 16
2016-06-21 23:48:47 - PHP Notice:  Undefined variable: option_value in /var/www/artem/data/www/bigbuket.ru/catalog/view/theme/tt_pisces_flowers/template/product/product.tpl on line 306
2016-06-21 23:49:07 - PHP Warning:  Illegal string offset 'code' in /var/www/artem/data/www/bigbuket.ru/catalog/controller/payment/cod.php on line 16
2016-06-21 23:50:10 - PHP Notice:  Undefined variable: option_value in /var/www/artem/data/www/bigbuket.ru/catalog/view/theme/tt_pisces_flowers/template/product/product.tpl on line 306
2016-06-21 23:50:24 - PHP Warning:  Illegal string offset 'code' in /var/www/artem/data/www/bigbuket.ru/catalog/controller/payment/cod.php on line 16
2016-06-21 23:50:32 - PHP Notice:  Undefined variable: option_value in /var/www/artem/data/www/bigbuket.ru/catalog/view/theme/tt_pisces_flowers/template/product/product.tpl on line 306
2016-06-22 5:59:51 - PHP Notice:  Undefined variable: option_value in /var/www/artem/data/www/bigbuket.ru/catalog/view/theme/tt_pisces_flowers/template/product/product.tpl on line 306
2016-06-22 6:13:22 - PHP Notice:  Undefined variable: row in /var/www/artem/data/www/bigbuket.ru/admin/model/extension/buket.php on line 105
2016-06-22 6:13:22 - PHP Notice:  Undefined index: name in /var/www/artem/data/www/bigbuket.ru/admin/model/extension/buket.php on line 105
2016-06-22 6:13:22 - PHP Notice:  Undefined index: customname in /var/www/artem/data/www/bigbuket.ru/admin/model/extension/buket.php on line 105
2016-06-22 6:13:22 - PHP Notice:  Undefined index: durability in /var/www/artem/data/www/bigbuket.ru/admin/model/extension/buket.php on line 105
2016-06-22 6:13:22 - PHP Notice:  Undefined index: area in /var/www/artem/data/www/bigbuket.ru/admin/model/extension/buket.php on line 105
2016-06-22 6:13:22 - PHP Notice:  Undefined index: price in /var/www/artem/data/www/bigbuket.ru/admin/model/extension/buket.php on line 105
2016-06-22 6:13:22 - PHP Notice:  Undefined variable: row in /var/www/artem/data/www/bigbuket.ru/admin/model/extension/buket.php on line 105
2016-06-22 6:13:22 - PHP Notice:  Undefined index: image in /var/www/artem/data/www/bigbuket.ru/admin/model/extension/buket.php on line 109
2016-06-22 6:17:07 - PHP Notice:  Undefined variable: row in /var/www/artem/data/www/bigbuket.ru/admin/model/extension/buket.php on line 105
2016-06-22 6:19:01 - PHP Notice:  Undefined variable: row in /var/www/artem/data/www/bigbuket.ru/admin/model/extension/buket.php on line 105
2016-06-22 6:21:30 - PHP Notice:  Undefined index: name in /var/www/artem/data/www/bigbuket.ru/admin/model/extension/buket.php on line 105
2016-06-22 6:21:30 - PHP Notice:  Undefined index: customname in /var/www/artem/data/www/bigbuket.ru/admin/model/extension/buket.php on line 105
2016-06-22 6:21:30 - PHP Notice:  Undefined index: durability in /var/www/artem/data/www/bigbuket.ru/admin/model/extension/buket.php on line 105
2016-06-22 6:21:30 - PHP Notice:  Undefined index: area in /var/www/artem/data/www/bigbuket.ru/admin/model/extension/buket.php on line 105
2016-06-22 6:21:30 - PHP Notice:  Undefined index: price in /var/www/artem/data/www/bigbuket.ru/admin/model/extension/buket.php on line 105
2016-06-22 6:21:30 - PHP Notice:  Undefined index: group in /var/www/artem/data/www/bigbuket.ru/admin/model/extension/buket.php on line 105
2016-06-22 6:21:30 - PHP Notice:  Undefined index: image in /var/www/artem/data/www/bigbuket.ru/admin/model/extension/buket.php on line 109
2016-06-22 6:22:58 - PHP Notice:  Undefined index: name in /var/www/artem/data/www/bigbuket.ru/admin/model/extension/buket.php on line 105
2016-06-22 6:22:58 - PHP Notice:  Undefined index: customname in /var/www/artem/data/www/bigbuket.ru/admin/model/extension/buket.php on line 105
2016-06-22 6:22:58 - PHP Notice:  Undefined index: durability in /var/www/artem/data/www/bigbuket.ru/admin/model/extension/buket.php on line 105
2016-06-22 6:22:58 - PHP Notice:  Undefined index: area in /var/www/artem/data/www/bigbuket.ru/admin/model/extension/buket.php on line 105
2016-06-22 6:22:58 - PHP Notice:  Undefined index: price in /var/www/artem/data/www/bigbuket.ru/admin/model/extension/buket.php on line 105
2016-06-22 6:22:58 - PHP Notice:  Undefined index: group in /var/www/artem/data/www/bigbuket.ru/admin/model/extension/buket.php on line 105
2016-06-22 6:22:58 - PHP Notice:  Undefined index: image in /var/www/artem/data/www/bigbuket.ru/admin/model/extension/buket.php on line 109
2016-06-22 6:25:24 - PHP Notice:  Undefined variable: language in /var/www/artem/data/www/bigbuket.ru/admin/view/template/extension/buket_group_form.tpl on line 42
2016-06-22 6:25:36 - PHP Notice:  Undefined variable: language in /var/www/artem/data/www/bigbuket.ru/admin/view/template/extension/buket_group_form.tpl on line 42
2016-06-22 6:34:47 - PHP Warning:  Illegal string offset 'code' in /var/www/artem/data/www/bigbuket.ru/catalog/controller/payment/cod.php on line 16
2016-06-22 6:47:35 - PHP Warning:  Illegal string offset 'code' in /var/www/artem/data/www/bigbuket.ru/catalog/controller/payment/cod.php on line 16
2016-06-22 6:50:44 - PHP Warning:  Illegal string offset 'code' in /var/www/artem/data/www/bigbuket.ru/catalog/controller/payment/cod.php on line 16
2016-06-22 6:51:34 - PHP Warning:  Illegal string offset 'code' in /var/www/artem/data/www/bigbuket.ru/catalog/controller/payment/cod.php on line 16
2016-06-22 10:28:52 - PHP Notice:  Undefined index: flowers in /var/www/artem/data/www/bigbuket.ru/system/library/cart.php on line 30
2016-06-22 10:28:52 - PHP Notice:  Undefined index: f_quantity in /var/www/artem/data/www/bigbuket.ru/system/library/cart.php on line 32
2016-06-22 10:28:52 - PHP Notice:  Undefined index: groups in /var/www/artem/data/www/bigbuket.ru/system/library/cart.php on line 34
2016-06-22 10:28:52 - PHP Warning:  Invalid argument supplied for foreach() in /var/www/artem/data/www/bigbuket.ru/system/library/cart.php on line 253
2016-06-22 10:28:56 - PHP Notice:  Undefined index: flowers in /var/www/artem/data/www/bigbuket.ru/system/library/cart.php on line 30
2016-06-22 10:28:56 - PHP Notice:  Undefined index: f_quantity in /var/www/artem/data/www/bigbuket.ru/system/library/cart.php on line 32
2016-06-22 10:28:56 - PHP Notice:  Undefined index: groups in /var/www/artem/data/www/bigbuket.ru/system/library/cart.php on line 34
2016-06-22 10:28:56 - PHP Warning:  Invalid argument supplied for foreach() in /var/www/artem/data/www/bigbuket.ru/system/library/cart.php on line 253
2016-06-22 10:34:02 - PHP Notice:  Undefined index: flowers in /var/www/artem/data/www/bigbuket.ru/system/library/cart.php on line 30
2016-06-22 10:34:02 - PHP Notice:  Undefined index: f_quantity in /var/www/artem/data/www/bigbuket.ru/system/library/cart.php on line 32
2016-06-22 10:34:02 - PHP Notice:  Undefined index: groups in /var/www/artem/data/www/bigbuket.ru/system/library/cart.php on line 34
2016-06-22 10:34:02 - PHP Warning:  Invalid argument supplied for foreach() in /var/www/artem/data/www/bigbuket.ru/system/library/cart.php on line 253
2016-06-22 10:37:33 - PHP Notice:  Undefined index: flowers in /var/www/artem/data/www/bigbuket.ru/system/library/cart.php on line 30
2016-06-22 10:37:33 - PHP Notice:  Undefined index: f_quantity in /var/www/artem/data/www/bigbuket.ru/system/library/cart.php on line 32
2016-06-22 10:37:33 - PHP Notice:  Undefined index: groups in /var/www/artem/data/www/bigbuket.ru/system/library/cart.php on line 34
2016-06-22 10:37:33 - PHP Warning:  Invalid argument supplied for foreach() in /var/www/artem/data/www/bigbuket.ru/system/library/cart.php on line 253
2016-06-22 10:37:37 - PHP Notice:  Undefined index: flowers in /var/www/artem/data/www/bigbuket.ru/system/library/cart.php on line 30
2016-06-22 10:37:37 - PHP Notice:  Undefined index: f_quantity in /var/www/artem/data/www/bigbuket.ru/system/library/cart.php on line 32
2016-06-22 10:37:37 - PHP Notice:  Undefined index: groups in /var/www/artem/data/www/bigbuket.ru/system/library/cart.php on line 34
2016-06-22 10:37:37 - PHP Warning:  Invalid argument supplied for foreach() in /var/www/artem/data/www/bigbuket.ru/system/library/cart.php on line 253
2016-06-22 10:48:25 - PHP Notice:  Undefined index: flowers in /var/www/artem/data/www/bigbuket.ru/system/library/cart.php on line 30
2016-06-22 10:48:25 - PHP Notice:  Undefined index: f_quantity in /var/www/artem/data/www/bigbuket.ru/system/library/cart.php on line 32
2016-06-22 10:48:25 - PHP Notice:  Undefined index: groups in /var/www/artem/data/www/bigbuket.ru/system/library/cart.php on line 34
2016-06-22 10:48:25 - PHP Warning:  Invalid argument supplied for foreach() in /var/www/artem/data/www/bigbuket.ru/system/library/cart.php on line 253
2016-06-22 10:51:16 - PHP Notice:  Undefined index: flowers in /var/www/artem/data/www/bigbuket.ru/system/library/cart.php on line 30
2016-06-22 10:51:16 - PHP Notice:  Undefined index: f_quantity in /var/www/artem/data/www/bigbuket.ru/system/library/cart.php on line 32
2016-06-22 10:51:16 - PHP Notice:  Undefined index: groups in /var/www/artem/data/www/bigbuket.ru/system/library/cart.php on line 34
2016-06-22 10:51:16 - PHP Warning:  Invalid argument supplied for foreach() in /var/www/artem/data/www/bigbuket.ru/system/library/cart.php on line 253
2016-06-22 11:11:57 - PHP Notice:  Undefined variable: option_value in /var/www/artem/data/www/bigbuket.ru/catalog/view/theme/tt_pisces_flowers/template/product/product.tpl on line 306
2016-06-22 13:01:57 - PHP Notice:  Undefined index: flowers in /var/www/artem/data/www/bigbuket.ru/system/library/cart.php on line 30
2016-06-22 13:01:57 - PHP Notice:  Undefined index: f_quantity in /var/www/artem/data/www/bigbuket.ru/system/library/cart.php on line 32
2016-06-22 13:01:57 - PHP Notice:  Undefined index: groups in /var/www/artem/data/www/bigbuket.ru/system/library/cart.php on line 34
2016-06-22 13:01:57 - PHP Warning:  Invalid argument supplied for foreach() in /var/www/artem/data/www/bigbuket.ru/system/library/cart.php on line 253
2016-06-22 13:28:30 - PHP Notice:  Undefined index: flowers in /var/www/artem/data/www/bigbuket.ru/system/library/cart.php on line 30
2016-06-22 13:28:30 - PHP Notice:  Undefined index: f_quantity in /var/www/artem/data/www/bigbuket.ru/system/library/cart.php on line 32
2016-06-22 13:28:30 - PHP Notice:  Undefined index: groups in /var/www/artem/data/www/bigbuket.ru/system/library/cart.php on line 34
2016-06-22 13:28:30 - PHP Warning:  Invalid argument supplied for foreach() in /var/www/artem/data/www/bigbuket.ru/system/library/cart.php on line 253
2016-06-22 13:28:34 - PHP Notice:  Undefined index: flowers in /var/www/artem/data/www/bigbuket.ru/system/library/cart.php on line 30
2016-06-22 13:28:34 - PHP Notice:  Undefined index: f_quantity in /var/www/artem/data/www/bigbuket.ru/system/library/cart.php on line 32
2016-06-22 13:28:34 - PHP Notice:  Undefined index: groups in /var/www/artem/data/www/bigbuket.ru/system/library/cart.php on line 34
2016-06-22 13:28:34 - PHP Warning:  Invalid argument supplied for foreach() in /var/www/artem/data/www/bigbuket.ru/system/library/cart.php on line 253
2016-06-22 13:28:34 - PHP Warning:  Invalid argument supplied for foreach() in /var/www/artem/data/www/bigbuket.ru/catalog/controller/checkout/checkout.php on line 261
2016-06-22 13:28:34 - PHP Notice:  Undefined index: flowers in /var/www/artem/data/www/bigbuket.ru/system/library/cart.php on line 30
2016-06-22 13:28:34 - PHP Notice:  Undefined index: f_quantity in /var/www/artem/data/www/bigbuket.ru/system/library/cart.php on line 32
2016-06-22 13:28:34 - PHP Notice:  Undefined index: groups in /var/www/artem/data/www/bigbuket.ru/system/library/cart.php on line 34
2016-06-22 13:28:34 - PHP Warning:  Invalid argument supplied for foreach() in /var/www/artem/data/www/bigbuket.ru/system/library/cart.php on line 253
2016-06-22 14:33:22 - PHP Notice:  Undefined variable: option_value in /var/www/artem/data/www/bigbuket.ru/catalog/view/theme/tt_pisces_flowers/template/product/product.tpl on line 306
2016-06-22 14:33:23 - PHP Notice:  Undefined variable: option_value in /var/www/artem/data/www/bigbuket.ru/catalog/view/theme/tt_pisces_flowers/template/product/product.tpl on line 306
2016-06-22 22:29:56 - PHP Notice:  Undefined variable: language in D:\OpenServer\domains\bucket\admin\view\template\extension\buket_group_form.tpl on line 42
2016-06-22 22:30:39 - PHP Notice:  Undefined variable: language in D:\OpenServer\domains\bucket\admin\view\template\extension\buket_group_form.tpl on line 54
2016-06-22 22:32:25 - PHP Notice:  Undefined variable: placeholder in D:\OpenServer\domains\bucket\admin\view\template\extension\buket_group_form.tpl on line 33
2016-06-22 22:32:25 - PHP Notice:  Undefined variable: image in D:\OpenServer\domains\bucket\admin\view\template\extension\buket_group_form.tpl on line 34
2016-06-22 22:32:25 - PHP Notice:  Undefined variable: language in D:\OpenServer\domains\bucket\admin\view\template\extension\buket_group_form.tpl on line 53
2016-06-22 22:40:48 - PHP Notice:  Undefined variable: image in D:\OpenServer\domains\bucket\admin\view\template\extension\buket_group_form.tpl on line 34
2016-06-22 22:40:48 - PHP Notice:  Undefined variable: language in D:\OpenServer\domains\bucket\admin\view\template\extension\buket_group_form.tpl on line 53
2016-06-22 22:44:29 - PHP Notice:  Undefined variable: language in D:\OpenServer\domains\bucket\admin\view\template\extension\buket_group_form.tpl on line 53
2016-06-22 22:45:58 - PHP Notice:  Undefined variable: language in D:\OpenServer\domains\bucket\admin\view\template\extension\buket_group_form.tpl on line 53
2016-06-22 22:47:13 - PHP Notice:  Undefined variable: language in D:\OpenServer\domains\bucket\admin\view\template\extension\buket_group_form.tpl on line 53
2016-06-22 22:47:57 - PHP Notice:  Undefined variable: language in D:\OpenServer\domains\bucket\admin\view\template\extension\buket_group_form.tpl on line 53
2016-06-22 22:48:21 - PHP Notice:  Undefined variable: language in D:\OpenServer\domains\bucket\admin\view\template\extension\buket_group_form.tpl on line 53
2016-06-22 22:48:57 - PHP Notice:  Undefined variable: language in D:\OpenServer\domains\bucket\admin\view\template\extension\buket_group_form.tpl on line 53
2016-06-22 22:49:04 - PHP Notice:  Undefined variable: language in D:\OpenServer\domains\bucket\admin\view\template\extension\buket_group_form.tpl on line 53
2016-06-22 23:59:43 - PHP Notice:  Undefined variable: language in D:\OpenServer\domains\bucket\admin\view\template\extension\buket_group_form.tpl on line 53
2016-06-23 1:18:06 - PHP Notice:  Undefined variable: language in D:\OpenServer\domains\bucket\admin\view\template\extension\buket_group_form.tpl on line 53
2016-06-23 1:54:20 - PHP Warning:  Illegal string offset 'code' in D:\OpenServer\domains\bucket\catalog\controller\payment\cod.php on line 16
2016-06-23 1:54:20 - PHP Warning:  Illegal string offset 'code' in D:\OpenServer\domains\bucket\catalog\controller\payment\cod.php on line 16
2016-06-23 1:54:20 - PHP Warning:  Illegal string offset 'code' in D:\OpenServer\domains\bucket\catalog\controller\payment\cod.php on line 16
